{"event_type": "purge", "mac_src": "52:54:00:2a:3b:7c", "ip_src": "%%INT_IP4%%1", "ip_dst": "%%INT_IP4%%", "port_src": 36614, "ip_proto": "tcp", "stamp_inserted": "2026-04-22 10:40:00", "stamp_updated": "2026-04-22 10:50:11", "packets": 1, "bytes": 52}
{"event_type": "purge", "mac_src": "52:54:00:2a:3b:7c", "ip_src": "%%INT_IP4%%1", "ip_dst": "%%INT_IP4%%", "port_src": 52522, "ip_proto": "tcp", "stamp_inserted": "2026-04-22 10:40:00", "stamp_updated": "2026-04-22 10:50:11", "packets": 19, "bytes": 4160}
{"event_type": "purge", "mac_src": "52:54:00:12:34:27", "ip_src": "%%INT_IP6%%", "ip_dst": "64:ff9b::8f6e:f174", "port_src": 22542, "ip_proto": "udp", "stamp_inserted": "2026-04-22 10:40:00", "stamp_updated": "2026-04-22 10:50:11", "packets": 1, "bytes": 96}
{"event_type": "purge", "mac_src": "52:54:00:12:34:27", "ip_src": "%%INT_IP6%%", "ip_dst": "64:ff9b::a29f:c87b", "port_src": 40388, "ip_proto": "udp", "stamp_inserted": "2026-04-22 10:40:00", "stamp_updated": "2026-04-22 10:50:11", "packets": 1, "bytes": 96}
{"event_type": "purge", "mac_src": "52:54:00:12:34:27", "ip_src": "%%INT_IP6%%", "ip_dst": "64:ff9b::a29f:c801", "port_src": 12038, "ip_proto": "udp", "stamp_inserted": "2026-04-22 10:40:00", "stamp_updated": "2026-04-22 10:50:11", "packets": 1, "bytes": 96}
{"event_type": "purge", "mac_src": "52:54:00:12:34:27", "ip_src": "fe80::5054:ff:fe12:3427", "ip_dst": "ff02::1", "port_src": 0, "ip_proto": "ipv6-icmp", "stamp_inserted": "2026-04-22 10:40:00", "stamp_updated": "2026-04-22 10:50:11", "packets": 1, "bytes": 168}
{"event_type": "purge", "mac_src": "52:54:00:2a:3b:7c", "ip_src": "%%INT_IP4%%1", "ip_dst": "%%INT_IP4%%", "port_src": 49842, "ip_proto": "tcp", "stamp_inserted": "2026-04-22 10:40:00", "stamp_updated": "2026-04-22 10:50:21", "packets": 1, "bytes": 52}
{"event_type": "purge", "mac_src": "52:54:00:2a:3b:7c", "ip_src": "%%INT_IP4%%1", "ip_dst": "%%INT_IP4%%", "port_src": 49856, "ip_proto": "tcp", "stamp_inserted": "2026-04-22 10:40:00", "stamp_updated": "2026-04-22 10:50:21", "packets": 1, "bytes": 52}
{"event_type": "purge", "mac_src": "52:54:00:12:34:27", "ip_src": "%%INT_IP4%%", "ip_dst": "%%INT_IP4%%1", "port_src": 443, "ip_proto": "tcp", "stamp_inserted": "2026-04-22 10:40:00", "stamp_updated": "2026-04-22 10:50:21", "packets": 20, "bytes": 9858}
{"event_type": "purge", "mac_src": "52:54:00:2a:3b:7c", "ip_src": "%%INT_IP4%%1", "ip_dst": "%%INT_IP4%%", "port_src": 43190, "ip_proto": "tcp", "stamp_inserted": "2026-04-22 10:40:00", "stamp_updated": "2026-04-22 10:50:21", "packets": 1, "bytes": 52}
{"event_type": "purge", "mac_src": "52:54:00:2a:3b:7c", "ip_src": "%%INT_IP4%%1", "ip_dst": "%%INT_IP4%%", "port_src": 36614, "ip_proto": "tcp", "stamp_inserted": "2026-04-22 10:40:00", "stamp_updated": "2026-04-22 10:50:21", "packets": 1, "bytes": 52}
{"event_type": "purge", "mac_src": "52:54:00:2a:3b:7c", "ip_src": "%%INT_IP4%%1", "ip_dst": "%%INT_IP4%%", "port_src": 52756, "ip_proto": "tcp", "stamp_inserted": "2026-04-22 10:40:00", "stamp_updated": "2026-04-22 10:50:21", "packets": 1, "bytes": 52}
{"event_type": "purge", "mac_src": "52:54:00:2a:3b:7c", "ip_src": "%%INT_IP4%%1", "ip_dst": "%%INT_IP4%%", "port_src": 52522, "ip_proto": "tcp", "stamp_inserted": "2026-04-22 10:40:00", "stamp_updated": "2026-04-22 10:50:21", "packets": 10, "bytes": 3065}
{"event_type": "purge", "mac_src": "52:54:00:12:34:27", "ip_src": "%%INT_IP6%%", "ip_dst": "64:ff9b::5fd8:90e2", "port_src": 21886, "ip_proto": "udp", "stamp_inserted": "2026-04-22 10:40:00", "stamp_updated": "2026-04-22 10:50:21", "packets": 1, "bytes": 96}
{"event_type": "purge", "mac_src": "52:54:00:12:34:27", "ip_src": "%%INT_IP6%%", "ip_dst": "64:ff9b::8f6e:f174", "port_src": 34570, "ip_proto": "udp", "stamp_inserted": "2026-04-22 10:40:00", "stamp_updated": "2026-04-22 10:50:21", "packets": 1, "bytes": 96}
{"event_type": "purge", "mac_src": "52:54:00:12:34:27", "ip_src": "%%INT_IP6%%", "ip_dst": "64:ff9b::a29f:c87b", "port_src": 39863, "ip_proto": "udp", "stamp_inserted": "2026-04-22 10:40:00", "stamp_updated": "2026-04-22 10:50:21", "packets": 1, "bytes": 96}
{"event_type": "purge", "mac_src": "52:54:00:12:34:27", "ip_src": "%%INT_IP6%%", "ip_dst": "64:ff9b::a29f:c801", "port_src": 18036, "ip_proto": "udp", "stamp_inserted": "2026-04-22 10:40:00", "stamp_updated": "2026-04-22 10:50:21", "packets": 1, "bytes": 96}
{"event_type": "purge", "mac_src": "52:54:00:2a:3b:7c", "ip_src": "%%INT_IP4%%1", "ip_dst": "%%INT_IP4%%", "port_src": 52522, "ip_proto": "tcp", "stamp_inserted": "2026-04-22 10:40:00", "stamp_updated": "2026-04-22 10:50:31", "packets": 24, "bytes": 5056}
{"event_type": "purge", "mac_src": "52:54:00:12:34:27", "ip_src": "%%INT_IP4%%", "ip_dst": "%%INT_IP4%%1", "port_src": 443, "ip_proto": "tcp", "stamp_inserted": "2026-04-22 10:40:00", "stamp_updated": "2026-04-22 10:50:31", "packets": 48, "bytes": 60437}
{"event_type": "purge", "mac_src": "52:54:00:2a:3b:7c", "ip_src": "%%INT_IP4%%1", "ip_dst": "%%INT_IP4%%", "port_src": 52756, "ip_proto": "tcp", "stamp_inserted": "2026-04-22 10:40:00", "stamp_updated": "2026-04-22 10:50:31", "packets": 3, "bytes": 798}
{"event_type": "purge", "mac_src": "52:54:00:2a:3b:7c", "ip_src": "%%INT_IP4%%1", "ip_dst": "%%INT_IP4%%", "port_src": 36614, "ip_proto": "tcp", "stamp_inserted": "2026-04-22 10:40:00", "stamp_updated": "2026-04-22 10:50:31", "packets": 2, "bytes": 746}
{"event_type": "purge", "mac_src": "52:54:00:2a:3b:7c", "ip_src": "%%INT_IP4%%1", "ip_dst": "%%INT_IP4%%", "port_src": 43190, "ip_proto": "tcp", "stamp_inserted": "2026-04-22 10:40:00", "stamp_updated": "2026-04-22 10:50:31", "packets": 3, "bytes": 792}
{"event_type": "purge", "mac_src": "52:54:00:2a:3b:7c", "ip_src": "%%INT_IP4%%1", "ip_dst": "%%INT_IP4%%", "port_src": 49842, "ip_proto": "tcp", "stamp_inserted": "2026-04-22 10:40:00", "stamp_updated": "2026-04-22 10:50:31", "packets": 6, "bytes": 1591}
{"event_type": "purge", "mac_src": "52:54:00:2a:3b:7c", "ip_src": "%%INT_IP4%%1", "ip_dst": "%%INT_IP4%%", "port_src": 49856, "ip_proto": "tcp", "stamp_inserted": "2026-04-22 10:40:00", "stamp_updated": "2026-04-22 10:50:31", "packets": 6, "bytes": 1582}
{"event_type": "purge", "mac_src": "52:54:00:12:34:27", "ip_src": "%%INT_IP6%%", "ip_dst": "64:ff9b::5fd8:90e2", "port_src": 48562, "ip_proto": "udp", "stamp_inserted": "2026-04-22 10:40:00", "stamp_updated": "2026-04-22 10:50:31", "packets": 1, "bytes": 96}
{"event_type": "purge", "mac_src": "52:54:00:2a:3b:7c", "ip_src": "%%INT_IP4%%1", "ip_dst": "%%INT_IP4%%", "port_src": 36614, "ip_proto": "tcp", "stamp_inserted": "2026-04-22 10:40:00", "stamp_updated": "2026-04-22 10:50:41", "packets": 1, "bytes": 52}
{"event_type": "purge", "mac_src": "52:54:00:2a:3b:7c", "ip_src": "%%INT_IP4%%1", "ip_dst": "%%INT_IP4%%", "port_src": 52756, "ip_proto": "tcp", "stamp_inserted": "2026-04-22 10:40:00", "stamp_updated": "2026-04-22 10:50:41", "packets": 1, "bytes": 52}
{"event_type": "purge", "mac_src": "52:54:00:12:34:27", "ip_src": "%%INT_IP4%%", "ip_dst": "%%INT_IP4%%1", "port_src": 443, "ip_proto": "tcp", "stamp_inserted": "2026-04-22 10:40:00", "stamp_updated": "2026-04-22 10:50:41", "packets": 26, "bytes": 51509}
{"event_type": "purge", "mac_src": "52:54:00:2a:3b:7c", "ip_src": "%%INT_IP4%%1", "ip_dst": "%%INT_IP4%%", "port_src": 43190, "ip_proto": "tcp", "stamp_inserted": "2026-04-22 10:40:00", "stamp_updated": "2026-04-22 10:50:41", "packets": 1, "bytes": 52}
{"event_type": "purge", "mac_src": "52:54:00:2a:3b:7c", "ip_src": "%%INT_IP4%%1", "ip_dst": "%%INT_IP4%%", "port_src": 49856, "ip_proto": "tcp", "stamp_inserted": "2026-04-22 10:40:00", "stamp_updated": "2026-04-22 10:50:41", "packets": 1, "bytes": 52}
{"event_type": "purge", "mac_src": "52:54:00:2a:3b:7c", "ip_src": "%%INT_IP4%%1", "ip_dst": "%%INT_IP4%%", "port_src": 49842, "ip_proto": "tcp", "stamp_inserted": "2026-04-22 10:40:00", "stamp_updated": "2026-04-22 10:50:41", "packets": 1, "bytes": 52}
{"event_type": "purge", "mac_src": "52:54:00:12:34:27", "ip_src": "%%INT_IP4%%", "ip_dst": "%%INT_IP4%%1", "port_src": 22, "ip_proto": "tcp", "stamp_inserted": "2026-04-22 10:40:00", "stamp_updated": "2026-04-22 10:50:41", "packets": 1, "bytes": 52}
{"event_type": "purge", "mac_src": "52:54:00:2a:3b:7c", "ip_src": "%%INT_IP4%%1", "ip_dst": "%%INT_IP4%%", "port_src": 50422, "ip_proto": "tcp", "stamp_inserted": "2026-04-22 10:40:00", "stamp_updated": "2026-04-22 10:50:41", "packets": 1, "bytes": 52}
{"event_type": "purge", "mac_src": "52:54:00:2a:3b:7c", "ip_src": "%%INT_IP4%%1", "ip_dst": "%%INT_IP4%%", "port_src": 52522, "ip_proto": "tcp", "stamp_inserted": "2026-04-22 10:40:00", "stamp_updated": "2026-04-22 10:50:41", "packets": 17, "bytes": 4056}
{"event_type": "purge", "mac_src": "52:54:00:12:34:27", "ip_src": "%%INT_IP6%%", "ip_dst": "64:ff9b::8f6e:f174", "port_src": 42701, "ip_proto": "udp", "stamp_inserted": "2026-04-22 10:40:00", "stamp_updated": "2026-04-22 10:50:41", "packets": 1, "bytes": 96}
{"event_type": "purge", "mac_src": "52:54:00:12:34:27", "ip_src": "%%INT_IP6%%", "ip_dst": "64:ff9b::a29f:c87b", "port_src": 36884, "ip_proto": "udp", "stamp_inserted": "2026-04-22 10:40:00", "stamp_updated": "2026-04-22 10:50:41", "packets": 1, "bytes": 96}
{"event_type": "purge", "mac_src": "52:54:00:12:34:27", "ip_src": "%%INT_IP6%%", "ip_dst": "64:ff9b::a29f:c801", "port_src": 21868, "ip_proto": "udp", "stamp_inserted": "2026-04-22 10:40:00", "stamp_updated": "2026-04-22 10:50:41", "packets": 1, "bytes": 96}
{"event_type": "purge", "mac_src": "52:54:00:2a:3b:7c", "ip_src": "%%INT_IP4%%1", "ip_dst": "%%INT_IP4%%", "port_src": 43190, "ip_proto": "tcp", "stamp_inserted": "2026-04-22 10:40:00", "stamp_updated": "2026-04-22 10:50:51", "packets": 1, "bytes": 52}
{"event_type": "purge", "mac_src": "52:54:00:2a:3b:7c", "ip_src": "%%INT_IP4%%1", "ip_dst": "%%INT_IP4%%", "port_src": 49856, "ip_proto": "tcp", "stamp_inserted": "2026-04-22 10:40:00", "stamp_updated": "2026-04-22 10:50:51", "packets": 1, "bytes": 52}
{"event_type": "purge", "mac_src": "52:54:00:2a:3b:7c", "ip_src": "%%INT_IP4%%1", "ip_dst": "%%INT_IP4%%", "port_src": 49842, "ip_proto": "tcp", "stamp_inserted": "2026-04-22 10:40:00", "stamp_updated": "2026-04-22 10:50:51", "packets": 1, "bytes": 52}
{"event_type": "purge", "mac_src": "52:54:00:12:34:27", "ip_src": "%%INT_IP4%%", "ip_dst": "%%INT_IP4%%1", "port_src": 443, "ip_proto": "tcp", "stamp_inserted": "2026-04-22 10:40:00", "stamp_updated": "2026-04-22 10:50:51", "packets": 20, "bytes": 9858}
{"event_type": "purge", "mac_src": "52:54:00:2a:3b:7c", "ip_src": "%%INT_IP4%%1", "ip_dst": "%%INT_IP4%%", "port_src": 52756, "ip_proto": "tcp", "stamp_inserted": "2026-04-22 10:40:00", "stamp_updated": "2026-04-22 10:50:51", "packets": 1, "bytes": 52}
{"event_type": "purge", "mac_src": "52:54:00:2a:3b:7c", "ip_src": "%%INT_IP4%%1", "ip_dst": "%%INT_IP4%%", "port_src": 36614, "ip_proto": "tcp", "stamp_inserted": "2026-04-22 10:40:00", "stamp_updated": "2026-04-22 10:50:51", "packets": 1, "bytes": 52}
{"event_type": "purge", "mac_src": "52:54:00:2a:3b:7c", "ip_src": "%%INT_IP4%%1", "ip_dst": "%%INT_IP4%%", "port_src": 52522, "ip_proto": "tcp", "stamp_inserted": "2026-04-22 10:40:00", "stamp_updated": "2026-04-22 10:50:51", "packets": 11, "bytes": 3117}
{"event_type": "purge", "mac_src": "52:54:00:12:34:27", "ip_src": "%%INT_IP6%%", "ip_dst": "64:ff9b::5fd8:90e2", "port_src": 27785, "ip_proto": "udp", "stamp_inserted": "2026-04-22 10:40:00", "stamp_updated": "2026-04-22 10:50:51", "packets": 1, "bytes": 96}
{"event_type": "purge", "mac_src": "52:54:00:12:34:27", "ip_src": "%%INT_IP6%%", "ip_dst": "64:ff9b::a29f:c87b", "port_src": 30038, "ip_proto": "udp", "stamp_inserted": "2026-04-22 10:40:00", "stamp_updated": "2026-04-22 10:50:51", "packets": 1, "bytes": 96}
{"event_type": "purge", "mac_src": "52:54:00:12:34:27", "ip_src": "%%INT_IP6%%", "ip_dst": "64:ff9b::8f6e:f174", "port_src": 15765, "ip_proto": "udp", "stamp_inserted": "2026-04-22 10:40:00", "stamp_updated": "2026-04-22 10:50:51", "packets": 1, "bytes": 96}
{"event_type": "purge", "mac_src": "52:54:00:12:34:27", "ip_src": "%%INT_IP6%%", "ip_dst": "64:ff9b::a29f:c801", "port_src": 37388, "ip_proto": "udp", "stamp_inserted": "2026-04-22 10:40:00", "stamp_updated": "2026-04-22 10:50:51", "packets": 1, "bytes": 96}
{"event_type": "purge", "mac_src": "52:54:00:2a:3b:7c", "ip_src": "%%INT_IP4%%1", "ip_dst": "%%INT_IP4%%", "port_src": 52522, "ip_proto": "tcp", "stamp_inserted": "2026-04-22 10:40:00", "stamp_updated": "2026-04-22 10:51:01", "packets": 23, "bytes": 5645}
{"event_type": "purge", "mac_src": "52:54:00:12:34:27", "ip_src": "%%INT_IP4%%", "ip_dst": "%%INT_IP4%%1", "port_src": 443, "ip_proto": "tcp", "stamp_inserted": "2026-04-22 10:40:00", "stamp_updated": "2026-04-22 10:51:01", "packets": 45, "bytes": 60204}
{"event_type": "purge", "mac_src": "52:54:00:2a:3b:7c", "ip_src": "%%INT_IP4%%1", "ip_dst": "%%INT_IP4%%", "port_src": 52756, "ip_proto": "tcp", "stamp_inserted": "2026-04-22 10:40:00", "stamp_updated": "2026-04-22 10:51:01", "packets": 3, "bytes": 798}
{"event_type": "purge", "mac_src": "52:54:00:2a:3b:7c", "ip_src": "%%INT_IP4%%1", "ip_dst": "%%INT_IP4%%", "port_src": 36614, "ip_proto": "tcp", "stamp_inserted": "2026-04-22 10:40:00", "stamp_updated": "2026-04-22 10:51:01", "packets": 3, "bytes": 798}
{"event_type": "purge", "mac_src": "52:54:00:2a:3b:7c", "ip_src": "%%INT_IP4%%1", "ip_dst": "%%INT_IP4%%", "port_src": 49842, "ip_proto": "tcp", "stamp_inserted": "2026-04-22 10:40:00", "stamp_updated": "2026-04-22 10:51:01", "packets": 6, "bytes": 1582}
{"event_type": "purge", "mac_src": "52:54:00:2a:3b:7c", "ip_src": "%%INT_IP4%%1", "ip_dst": "%%INT_IP4%%", "port_src": 43190, "ip_proto": "tcp", "stamp_inserted": "2026-04-22 10:40:00", "stamp_updated": "2026-04-22 10:51:01", "packets": 3, "bytes": 794}
{"event_type": "purge", "mac_src": "52:54:00:2a:3b:7c", "ip_src": "%%INT_IP4%%1", "ip_dst": "%%INT_IP4%%", "port_src": 49856, "ip_proto": "tcp", "stamp_inserted": "2026-04-22 10:40:00", "stamp_updated": "2026-04-22 10:51:01", "packets": 3, "bytes": 792}
{"event_type": "purge", "mac_src": "52:54:00:12:34:27", "ip_src": "%%INT_IP6%%", "ip_dst": "64:ff9b::5fd8:90e2", "port_src": 46864, "ip_proto": "udp", "stamp_inserted": "2026-04-22 10:40:00", "stamp_updated": "2026-04-22 10:51:11", "packets": 1, "bytes": 96}
{"event_type": "purge", "mac_src": "52:54:00:2a:3b:7c", "ip_src": "%%INT_IP4%%1", "ip_dst": "%%INT_IP4%%", "port_src": 43190, "ip_proto": "tcp", "stamp_inserted": "2026-04-22 10:40:00", "stamp_updated": "2026-04-22 10:51:11", "packets": 1, "bytes": 52}
{"event_type": "purge", "mac_src": "52:54:00:2a:3b:7c", "ip_src": "%%INT_IP4%%1", "ip_dst": "%%INT_IP4%%", "port_src": 49842, "ip_proto": "tcp", "stamp_inserted": "2026-04-22 10:40:00", "stamp_updated": "2026-04-22 10:51:11", "packets": 1, "bytes": 52}
{"event_type": "purge", "mac_src": "52:54:00:2a:3b:7c", "ip_src": "%%INT_IP4%%1", "ip_dst": "%%INT_IP4%%", "port_src": 52756, "ip_proto": "tcp", "stamp_inserted": "2026-04-22 10:40:00", "stamp_updated": "2026-04-22 10:51:11", "packets": 1, "bytes": 52}
{"event_type": "purge", "mac_src": "52:54:00:2a:3b:7c", "ip_src": "%%INT_IP4%%1", "ip_dst": "%%INT_IP4%%", "port_src": 36614, "ip_proto": "tcp", "stamp_inserted": "2026-04-22 10:40:00", "stamp_updated": "2026-04-22 10:51:11", "packets": 1, "bytes": 52}
{"event_type": "purge", "mac_src": "52:54:00:2a:3b:7c", "ip_src": "%%INT_IP4%%1", "ip_dst": "%%INT_IP4%%", "port_src": 49856, "ip_proto": "tcp", "stamp_inserted": "2026-04-22 10:40:00", "stamp_updated": "2026-04-22 10:51:11", "packets": 1, "bytes": 52}
{"event_type": "purge", "mac_src": "52:54:00:12:34:27", "ip_src": "%%INT_IP4%%", "ip_dst": "%%INT_IP4%%1", "port_src": 443, "ip_proto": "tcp", "stamp_inserted": "2026-04-22 10:40:00", "stamp_updated": "2026-04-22 10:51:11", "packets": 26, "bytes": 51494}
{"event_type": "purge", "mac_src": "52:54:00:2a:3b:7c", "ip_src": "%%INT_IP4%%1", "ip_dst": "%%INT_IP4%%", "port_src": 52522, "ip_proto": "tcp", "stamp_inserted": "2026-04-22 10:40:00", "stamp_updated": "2026-04-22 10:51:11", "packets": 17, "bytes": 4056}
{"event_type": "purge", "mac_src": "52:54:00:12:34:27", "ip_src": "%%INT_IP6%%", "ip_dst": "64:ff9b::8f6e:f174", "port_src": 30384, "ip_proto": "udp", "stamp_inserted": "2026-04-22 10:40:00", "stamp_updated": "2026-04-22 10:51:11", "packets": 1, "bytes": 96}
{"event_type": "purge", "mac_src": "52:54:00:12:34:27", "ip_src": "%%INT_IP6%%", "ip_dst": "64:ff9b::a29f:c87b", "port_src": 9439, "ip_proto": "udp", "stamp_inserted": "2026-04-22 10:40:00", "stamp_updated": "2026-04-22 10:51:11", "packets": 1, "bytes": 96}
{"event_type": "purge", "mac_src": "52:54:00:12:34:27", "ip_src": "%%INT_IP6%%", "ip_dst": "64:ff9b::a29f:c801", "port_src": 10792, "ip_proto": "udp", "stamp_inserted": "2026-04-22 10:40:00", "stamp_updated": "2026-04-22 10:51:11", "packets": 1, "bytes": 96}
{"event_type": "purge", "mac_src": "52:54:00:12:34:27", "ip_src": "%%INT_IP4%%", "ip_dst": "%%INT_IP4%%1", "port_src": 22, "ip_proto": "tcp", "stamp_inserted": "2026-04-22 10:40:00", "stamp_updated": "2026-04-22 10:51:21", "packets": 1, "bytes": 52}
{"event_type": "purge", "mac_src": "52:54:00:2a:3b:7c", "ip_src": "%%INT_IP4%%1", "ip_dst": "%%INT_IP4%%", "port_src": 47812, "ip_proto": "tcp", "stamp_inserted": "2026-04-22 10:40:00", "stamp_updated": "2026-04-22 10:51:21", "packets": 1, "bytes": 52}
{"event_type": "purge", "mac_src": "52:54:00:2a:3b:7c", "ip_src": "%%INT_IP4%%1", "ip_dst": "%%INT_IP4%%", "port_src": 49842, "ip_proto": "tcp", "stamp_inserted": "2026-04-22 10:40:00", "stamp_updated": "2026-04-22 10:51:21", "packets": 1, "bytes": 52}
{"event_type": "purge", "mac_src": "52:54:00:2a:3b:7c", "ip_src": "%%INT_IP4%%1", "ip_dst": "%%INT_IP4%%", "port_src": 36614, "ip_proto": "tcp", "stamp_inserted": "2026-04-22 10:40:00", "stamp_updated": "2026-04-22 10:51:21", "packets": 1, "bytes": 52}
{"event_type": "purge", "mac_src": "52:54:00:2a:3b:7c", "ip_src": "%%INT_IP4%%1", "ip_dst": "%%INT_IP4%%", "port_src": 52756, "ip_proto": "tcp", "stamp_inserted": "2026-04-22 10:40:00", "stamp_updated": "2026-04-22 10:51:21", "packets": 1, "bytes": 52}
{"event_type": "purge", "mac_src": "52:54:00:2a:3b:7c", "ip_src": "%%INT_IP4%%1", "ip_dst": "%%INT_IP4%%", "port_src": 49856, "ip_proto": "tcp", "stamp_inserted": "2026-04-22 10:40:00", "stamp_updated": "2026-04-22 10:51:21", "packets": 1, "bytes": 52}
{"event_type": "purge", "mac_src": "52:54:00:12:34:27", "ip_src": "%%INT_IP4%%", "ip_dst": "%%INT_IP4%%1", "port_src": 443, "ip_proto": "tcp", "stamp_inserted": "2026-04-22 10:40:00", "stamp_updated": "2026-04-22 10:51:21", "packets": 20, "bytes": 9854}
{"event_type": "purge", "mac_src": "52:54:00:2a:3b:7c", "ip_src": "%%INT_IP4%%1", "ip_dst": "%%INT_IP4%%", "port_src": 43190, "ip_proto": "tcp", "stamp_inserted": "2026-04-22 10:40:00", "stamp_updated": "2026-04-22 10:51:21", "packets": 1, "bytes": 52}
{"event_type": "purge", "mac_src": "52:54:00:2a:3b:7c", "ip_src": "%%INT_IP4%%1", "ip_dst": "%%INT_IP4%%", "port_src": 52522, "ip_proto": "tcp", "stamp_inserted": "2026-04-22 10:40:00", "stamp_updated": "2026-04-22 10:51:21", "packets": 11, "bytes": 3117}
{"event_type": "purge", "mac_src": "52:54:00:12:34:27", "ip_src": "%%INT_IP6%%", "ip_dst": "64:ff9b::5fd8:90e2", "port_src": 41237, "ip_proto": "udp", "stamp_inserted": "2026-04-22 10:40:00", "stamp_updated": "2026-04-22 10:51:21", "packets": 1, "bytes": 96}
{"event_type": "purge", "mac_src": "52:54:00:12:34:27", "ip_src": "%%INT_IP6%%", "ip_dst": "64:ff9b::8f6e:f174", "port_src": 22972, "ip_proto": "udp", "stamp_inserted": "2026-04-22 10:40:00", "stamp_updated": "2026-04-22 10:51:21", "packets": 1, "bytes": 96}
{"event_type": "purge", "mac_src": "52:54:00:12:34:27", "ip_src": "%%INT_IP6%%", "ip_dst": "64:ff9b::a29f:c801", "port_src": 32972, "ip_proto": "udp", "stamp_inserted": "2026-04-22 10:40:00", "stamp_updated": "2026-04-22 10:51:21", "packets": 1, "bytes": 96}
{"event_type": "purge", "mac_src": "52:54:00:12:34:27", "ip_src": "%%INT_IP6%%", "ip_dst": "64:ff9b::a29f:c87b", "port_src": 36671, "ip_proto": "udp", "stamp_inserted": "2026-04-22 10:40:00", "stamp_updated": "2026-04-22 10:51:21", "packets": 1, "bytes": 96}
{"event_type": "purge", "mac_src": "52:54:00:2a:3b:7c", "ip_src": "%%INT_IP4%%1", "ip_dst": "%%INT_IP4%%", "port_src": 52522, "ip_proto": "tcp", "stamp_inserted": "2026-04-22 10:40:00", "stamp_updated": "2026-04-22 10:51:31", "packets": 23, "bytes": 5638}
{"event_type": "purge", "mac_src": "52:54:00:12:34:27", "ip_src": "%%INT_IP4%%", "ip_dst": "%%INT_IP4%%1", "port_src": 443, "ip_proto": "tcp", "stamp_inserted": "2026-04-22 10:40:00", "stamp_updated": "2026-04-22 10:51:31", "packets": 43, "bytes": 60087}
{"event_type": "purge", "mac_src": "52:54:00:2a:3b:7c", "ip_src": "%%INT_IP4%%1", "ip_dst": "%%INT_IP4%%", "port_src": 52756, "ip_proto": "tcp", "stamp_inserted": "2026-04-22 10:40:00", "stamp_updated": "2026-04-22 10:51:31", "packets": 3, "bytes": 798}
{"event_type": "purge", "mac_src": "52:54:00:2a:3b:7c", "ip_src": "%%INT_IP4%%1", "ip_dst": "%%INT_IP4%%", "port_src": 36614, "ip_proto": "tcp", "stamp_inserted": "2026-04-22 10:40:00", "stamp_updated": "2026-04-22 10:51:31", "packets": 2, "bytes": 746}
{"event_type": "purge", "mac_src": "52:54:00:2a:3b:7c", "ip_src": "%%INT_IP4%%1", "ip_dst": "%%INT_IP4%%", "port_src": 49842, "ip_proto": "tcp", "stamp_inserted": "2026-04-22 10:40:00", "stamp_updated": "2026-04-22 10:51:31", "packets": 3, "bytes": 792}
{"event_type": "purge", "mac_src": "52:54:00:2a:3b:7c", "ip_src": "%%INT_IP4%%1", "ip_dst": "%%INT_IP4%%", "port_src": 43190, "ip_proto": "tcp", "stamp_inserted": "2026-04-22 10:40:00", "stamp_updated": "2026-04-22 10:51:31", "packets": 5, "bytes": 1539}
{"event_type": "purge", "mac_src": "52:54:00:2a:3b:7c", "ip_src": "%%INT_IP4%%1", "ip_dst": "%%INT_IP4%%", "port_src": 49856, "ip_proto": "tcp", "stamp_inserted": "2026-04-22 10:40:00", "stamp_updated": "2026-04-22 10:51:31", "packets": 3, "bytes": 792}
{"event_type": "purge", "mac_src": "52:54:00:12:34:27", "ip_src": "%%INT_IP6%%", "ip_dst": "64:ff9b::5fd8:90e2", "port_src": 14404, "ip_proto": "udp", "stamp_inserted": "2026-04-22 10:40:00", "stamp_updated": "2026-04-22 10:51:41", "packets": 1, "bytes": 96}
{"event_type": "purge", "mac_src": "52:54:00:2a:3b:7c", "ip_src": "%%INT_IP4%%1", "ip_dst": "%%INT_IP4%%", "port_src": 49856, "ip_proto": "tcp", "stamp_inserted": "2026-04-22 10:40:00", "stamp_updated": "2026-04-22 10:51:41", "packets": 1, "bytes": 52}
{"event_type": "purge", "mac_src": "52:54:00:2a:3b:7c", "ip_src": "%%INT_IP4%%1", "ip_dst": "%%INT_IP4%%", "port_src": 36614, "ip_proto": "tcp", "stamp_inserted": "2026-04-22 10:40:00", "stamp_updated": "2026-04-22 10:51:41", "packets": 1, "bytes": 52}
{"event_type": "purge", "mac_src": "52:54:00:2a:3b:7c", "ip_src": "%%INT_IP4%%1", "ip_dst": "%%INT_IP4%%", "port_src": 52756, "ip_proto": "tcp", "stamp_inserted": "2026-04-22 10:40:00", "stamp_updated": "2026-04-22 10:51:41", "packets": 1, "bytes": 52}
{"event_type": "purge", "mac_src": "52:54:00:2a:3b:7c", "ip_src": "%%INT_IP4%%1", "ip_dst": "%%INT_IP4%%", "port_src": 49842, "ip_proto": "tcp", "stamp_inserted": "2026-04-22 10:40:00", "stamp_updated": "2026-04-22 10:51:41", "packets": 1, "bytes": 52}
{"event_type": "purge", "mac_src": "52:54:00:12:34:27", "ip_src": "%%INT_IP4%%", "ip_dst": "%%INT_IP4%%1", "port_src": 443, "ip_proto": "tcp", "stamp_inserted": "2026-04-22 10:40:00", "stamp_updated": "2026-04-22 10:51:41", "packets": 26, "bytes": 51468}
{"event_type": "purge", "mac_src": "52:54:00:2a:3b:7c", "ip_src": "%%INT_IP4%%1", "ip_dst": "%%INT_IP4%%", "port_src": 43190, "ip_proto": "tcp", "stamp_inserted": "2026-04-22 10:40:00", "stamp_updated": "2026-04-22 10:51:41", "packets": 1, "bytes": 52}
{"event_type": "purge", "mac_src": "52:54:00:2a:3b:7c", "ip_src": "%%INT_IP4%%1", "ip_dst": "%%INT_IP4%%", "port_src": 52522, "ip_proto": "tcp", "stamp_inserted": "2026-04-22 10:40:00", "stamp_updated": "2026-04-22 10:51:41", "packets": 17, "bytes": 4056}
{"event_type": "purge", "mac_src": "52:54:00:12:34:27", "ip_src": "%%INT_IP6%%", "ip_dst": "64:ff9b::8f6e:f174", "port_src": 20380, "ip_proto": "udp", "stamp_inserted": "2026-04-22 10:40:00", "stamp_updated": "2026-04-22 10:51:41", "packets": 1, "bytes": 96}
{"event_type": "purge", "mac_src": "52:54:00:12:34:27", "ip_src": "%%INT_IP6%%", "ip_dst": "64:ff9b::a29f:c87b", "port_src": 27464, "ip_proto": "udp", "stamp_inserted": "2026-04-22 10:40:00", "stamp_updated": "2026-04-22 10:51:41", "packets": 1, "bytes": 96}
{"event_type": "purge", "mac_src": "52:54:00:12:34:27", "ip_src": "%%INT_IP6%%", "ip_dst": "64:ff9b::a29f:c801", "port_src": 34506, "ip_proto": "udp", "stamp_inserted": "2026-04-22 10:40:00", "stamp_updated": "2026-04-22 10:51:41", "packets": 1, "bytes": 96}
{"event_type": "purge", "mac_src": "52:54:00:2a:3b:7c", "ip_src": "%%INT_IP4%%1", "ip_dst": "%%INT_IP4%%", "port_src": 36614, "ip_proto": "tcp", "stamp_inserted": "2026-04-22 10:40:00", "stamp_updated": "2026-04-22 10:51:51", "packets": 1, "bytes": 52}
{"event_type": "purge", "mac_src": "52:54:00:2a:3b:7c", "ip_src": "%%INT_IP4%%1", "ip_dst": "%%INT_IP4%%", "port_src": 52756, "ip_proto": "tcp", "stamp_inserted": "2026-04-22 10:40:00", "stamp_updated": "2026-04-22 10:51:51", "packets": 1, "bytes": 52}
{"event_type": "purge", "mac_src": "52:54:00:2a:3b:7c", "ip_src": "%%INT_IP4%%1", "ip_dst": "%%INT_IP4%%", "port_src": 49856, "ip_proto": "tcp", "stamp_inserted": "2026-04-22 10:40:00", "stamp_updated": "2026-04-22 10:51:51", "packets": 1, "bytes": 52}
{"event_type": "purge", "mac_src": "52:54:00:2a:3b:7c", "ip_src": "%%INT_IP4%%1", "ip_dst": "%%INT_IP4%%", "port_src": 49842, "ip_proto": "tcp", "stamp_inserted": "2026-04-22 10:40:00", "stamp_updated": "2026-04-22 10:51:51", "packets": 1, "bytes": 52}
{"event_type": "purge", "mac_src": "52:54:00:12:34:27", "ip_src": "%%INT_IP4%%", "ip_dst": "%%INT_IP4%%1", "port_src": 443, "ip_proto": "tcp", "stamp_inserted": "2026-04-22 10:40:00", "stamp_updated": "2026-04-22 10:51:51", "packets": 20, "bytes": 9842}
{"event_type": "purge", "mac_src": "52:54:00:2a:3b:7c", "ip_src": "%%INT_IP4%%1", "ip_dst": "%%INT_IP4%%", "port_src": 43190, "ip_proto": "tcp", "stamp_inserted": "2026-04-22 10:40:00", "stamp_updated": "2026-04-22 10:51:51", "packets": 1, "bytes": 52}
{"event_type": "purge", "mac_src": "52:54:00:2a:3b:7c", "ip_src": "%%INT_IP4%%1", "ip_dst": "%%INT_IP4%%", "port_src": 52522, "ip_proto": "tcp", "stamp_inserted": "2026-04-22 10:40:00", "stamp_updated": "2026-04-22 10:51:51", "packets": 11, "bytes": 3117}
{"event_type": "purge", "mac_src": "52:54:00:12:34:27", "ip_src": "%%INT_IP6%%", "ip_dst": "64:ff9b::5fd8:90e2", "port_src": 37382, "ip_proto": "udp", "stamp_inserted": "2026-04-22 10:40:00", "stamp_updated": "2026-04-22 10:51:51", "packets": 1, "bytes": 96}
{"event_type": "purge", "mac_src": "52:54:00:12:34:27", "ip_src": "%%INT_IP6%%", "ip_dst": "64:ff9b::a29f:c87b", "port_src": 43682, "ip_proto": "udp", "stamp_inserted": "2026-04-22 10:40:00", "stamp_updated": "2026-04-22 10:51:51", "packets": 1, "bytes": 96}
{"event_type": "purge", "mac_src": "52:54:00:12:34:27", "ip_src": "%%INT_IP6%%", "ip_dst": "64:ff9b::8f6e:f174", "port_src": 36542, "ip_proto": "udp", "stamp_inserted": "2026-04-22 10:40:00", "stamp_updated": "2026-04-22 10:51:51", "packets": 1, "bytes": 96}
{"event_type": "purge", "mac_src": "52:54:00:12:34:27", "ip_src": "%%INT_IP6%%", "ip_dst": "64:ff9b::a29f:c801", "port_src": 2028, "ip_proto": "udp", "stamp_inserted": "2026-04-22 10:40:00", "stamp_updated": "2026-04-22 10:51:51", "packets": 1, "bytes": 96}
{"event_type": "purge", "mac_src": "52:54:00:2a:3b:7c", "ip_src": "%%INT_IP4%%1", "ip_dst": "%%INT_IP4%%", "port_src": 52522, "ip_proto": "tcp", "stamp_inserted": "2026-04-22 10:40:00", "stamp_updated": "2026-04-22 10:52:01", "packets": 20, "bytes": 4848}
{"event_type": "purge", "mac_src": "52:54:00:12:34:27", "ip_src": "%%INT_IP4%%", "ip_dst": "%%INT_IP4%%1", "port_src": 443, "ip_proto": "tcp", "stamp_inserted": "2026-04-22 10:40:00", "stamp_updated": "2026-04-22 10:52:01", "packets": 45, "bytes": 60213}
{"event_type": "purge", "mac_src": "52:54:00:2a:3b:7c", "ip_src": "%%INT_IP4%%1", "ip_dst": "%%INT_IP4%%", "port_src": 52756, "ip_proto": "tcp", "stamp_inserted": "2026-04-22 10:40:00", "stamp_updated": "2026-04-22 10:52:01", "packets": 6, "bytes": 1595}
{"event_type": "purge", "mac_src": "52:54:00:2a:3b:7c", "ip_src": "%%INT_IP4%%1", "ip_dst": "%%INT_IP4%%", "port_src": 36614, "ip_proto": "tcp", "stamp_inserted": "2026-04-22 10:40:00", "stamp_updated": "2026-04-22 10:52:01", "packets": 6, "bytes": 1588}
{"event_type": "purge", "mac_src": "52:54:00:2a:3b:7c", "ip_src": "%%INT_IP4%%1", "ip_dst": "%%INT_IP4%%", "port_src": 49842, "ip_proto": "tcp", "stamp_inserted": "2026-04-22 10:40:00", "stamp_updated": "2026-04-22 10:52:01", "packets": 3, "bytes": 792}
{"event_type": "purge", "mac_src": "52:54:00:2a:3b:7c", "ip_src": "%%INT_IP4%%1", "ip_dst": "%%INT_IP4%%", "port_src": 43190, "ip_proto": "tcp", "stamp_inserted": "2026-04-22 10:40:00", "stamp_updated": "2026-04-22 10:52:01", "packets": 3, "bytes": 794}
{"event_type": "purge", "mac_src": "52:54:00:2a:3b:7c", "ip_src": "%%INT_IP4%%1", "ip_dst": "%%INT_IP4%%", "port_src": 49856, "ip_proto": "tcp", "stamp_inserted": "2026-04-22 10:40:00", "stamp_updated": "2026-04-22 10:52:01", "packets": 3, "bytes": 792}
{"event_type": "purge", "mac_src": "52:54:00:12:34:27", "ip_src": "%%INT_IP6%%", "ip_dst": "64:ff9b::5fd8:90e2", "port_src": 48650, "ip_proto": "udp", "stamp_inserted": "2026-04-22 10:40:00", "stamp_updated": "2026-04-22 10:52:01", "packets": 1, "bytes": 96}
{"event_type": "purge", "mac_src": "52:54:00:2a:3b:7c", "ip_src": "%%INT_IP4%%1", "ip_dst": "%%INT_IP4%%", "port_src": 49842, "ip_proto": "tcp", "stamp_inserted": "2026-04-22 10:40:00", "stamp_updated": "2026-04-22 10:52:11", "packets": 1, "bytes": 52}
{"event_type": "purge", "mac_src": "52:54:00:2a:3b:7c", "ip_src": "%%INT_IP4%%1", "ip_dst": "%%INT_IP4%%", "port_src": 43190, "ip_proto": "tcp", "stamp_inserted": "2026-04-22 10:40:00", "stamp_updated": "2026-04-22 10:52:11", "packets": 1, "bytes": 52}
{"event_type": "purge", "mac_src": "52:54:00:2a:3b:7c", "ip_src": "%%INT_IP4%%1", "ip_dst": "%%INT_IP4%%", "port_src": 52756, "ip_proto": "tcp", "stamp_inserted": "2026-04-22 10:40:00", "stamp_updated": "2026-04-22 10:52:11", "packets": 7, "bytes": 991}
{"event_type": "purge", "mac_src": "52:54:00:12:34:27", "ip_src": "%%INT_IP4%%", "ip_dst": "%%INT_IP4%%1", "port_src": 443, "ip_proto": "tcp", "stamp_inserted": "2026-04-22 10:40:00", "stamp_updated": "2026-04-22 10:52:11", "packets": 28, "bytes": 51601}
{"event_type": "purge", "mac_src": "52:54:00:2a:3b:7c", "ip_src": "%%INT_IP4%%1", "ip_dst": "%%INT_IP4%%", "port_src": 49856, "ip_proto": "tcp", "stamp_inserted": "2026-04-22 10:40:00", "stamp_updated": "2026-04-22 10:52:11", "packets": 1, "bytes": 52}
{"event_type": "purge", "mac_src": "52:54:00:2a:3b:7c", "ip_src": "%%INT_IP4%%1", "ip_dst": "%%INT_IP4%%", "port_src": 36614, "ip_proto": "tcp", "stamp_inserted": "2026-04-22 10:40:00", "stamp_updated": "2026-04-22 10:52:11", "packets": 1, "bytes": 52}
{"event_type": "purge", "mac_src": "52:54:00:2a:3b:7c", "ip_src": "%%INT_IP4%%1", "ip_dst": "%%INT_IP4%%", "port_src": 52522, "ip_proto": "tcp", "stamp_inserted": "2026-04-22 10:40:00", "stamp_updated": "2026-04-22 10:52:11", "packets": 12, "bytes": 3193}
{"event_type": "purge", "mac_src": "52:54:00:12:34:27", "ip_src": "%%INT_IP6%%", "ip_dst": "64:ff9b::8f6e:f174", "port_src": 3357, "ip_proto": "udp", "stamp_inserted": "2026-04-22 10:40:00", "stamp_updated": "2026-04-22 10:52:11", "packets": 1, "bytes": 96}
{"event_type": "purge", "mac_src": "52:54:00:12:34:27", "ip_src": "%%INT_IP6%%", "ip_dst": "64:ff9b::a29f:c801", "port_src": 4314, "ip_proto": "udp", "stamp_inserted": "2026-04-22 10:40:00", "stamp_updated": "2026-04-22 10:52:11", "packets": 1, "bytes": 96}
{"event_type": "purge", "mac_src": "52:54:00:12:34:27", "ip_src": "%%INT_IP6%%", "ip_dst": "64:ff9b::a29f:c87b", "port_src": 24792, "ip_proto": "udp", "stamp_inserted": "2026-04-22 10:40:00", "stamp_updated": "2026-04-22 10:52:11", "packets": 1, "bytes": 96}
{"event_type": "purge", "mac_src": "52:54:00:2a:3b:7c", "ip_src": "%%INT_IP4%%1", "ip_dst": "%%INT_IP4%%", "port_src": 49842, "ip_proto": "tcp", "stamp_inserted": "2026-04-22 10:40:00", "stamp_updated": "2026-04-22 10:52:21", "packets": 1, "bytes": 52}
{"event_type": "purge", "mac_src": "52:54:00:2a:3b:7c", "ip_src": "%%INT_IP4%%1", "ip_dst": "%%INT_IP4%%", "port_src": 43190, "ip_proto": "tcp", "stamp_inserted": "2026-04-22 10:40:00", "stamp_updated": "2026-04-22 10:52:21", "packets": 1, "bytes": 52}
{"event_type": "purge", "mac_src": "52:54:00:12:34:27", "ip_src": "%%INT_IP4%%", "ip_dst": "%%INT_IP4%%1", "port_src": 443, "ip_proto": "tcp", "stamp_inserted": "2026-04-22 10:40:00", "stamp_updated": "2026-04-22 10:52:21", "packets": 19, "bytes": 9806}
{"event_type": "purge", "mac_src": "52:54:00:2a:3b:7c", "ip_src": "%%INT_IP4%%1", "ip_dst": "%%INT_IP4%%", "port_src": 36614, "ip_proto": "tcp", "stamp_inserted": "2026-04-22 10:40:00", "stamp_updated": "2026-04-22 10:52:21", "packets": 1, "bytes": 52}
{"event_type": "purge", "mac_src": "52:54:00:2a:3b:7c", "ip_src": "%%INT_IP4%%1", "ip_dst": "%%INT_IP4%%", "port_src": 49856, "ip_proto": "tcp", "stamp_inserted": "2026-04-22 10:40:00", "stamp_updated": "2026-04-22 10:52:21", "packets": 1, "bytes": 52}
{"event_type": "purge", "mac_src": "52:54:00:2a:3b:7c", "ip_src": "%%INT_IP4%%1", "ip_dst": "%%INT_IP4%%", "port_src": 52756, "ip_proto": "tcp", "stamp_inserted": "2026-04-22 10:40:00", "stamp_updated": "2026-04-22 10:52:21", "packets": 10, "bytes": 3065}
{"event_type": "purge", "mac_src": "52:54:00:12:34:27", "ip_src": "%%INT_IP6%%", "ip_dst": "64:ff9b::5fd8:90e2", "port_src": 9637, "ip_proto": "udp", "stamp_inserted": "2026-04-22 10:40:00", "stamp_updated": "2026-04-22 10:52:21", "packets": 1, "bytes": 96}
{"event_type": "purge", "mac_src": "52:54:00:12:34:27", "ip_src": "%%INT_IP6%%", "ip_dst": "64:ff9b::8f6e:f174", "port_src": 39580, "ip_proto": "udp", "stamp_inserted": "2026-04-22 10:40:00", "stamp_updated": "2026-04-22 10:52:21", "packets": 1, "bytes": 96}
{"event_type": "purge", "mac_src": "52:54:00:12:34:27", "ip_src": "%%INT_IP6%%", "ip_dst": "64:ff9b::a29f:c87b", "port_src": 40243, "ip_proto": "udp", "stamp_inserted": "2026-04-22 10:40:00", "stamp_updated": "2026-04-22 10:52:21", "packets": 1, "bytes": 96}
{"event_type": "purge", "mac_src": "52:54:00:12:34:27", "ip_src": "%%INT_IP6%%", "ip_dst": "64:ff9b::a29f:c801", "port_src": 46340, "ip_proto": "udp", "stamp_inserted": "2026-04-22 10:40:00", "stamp_updated": "2026-04-22 10:52:21", "packets": 1, "bytes": 96}
{"event_type": "purge", "mac_src": "52:54:00:2a:3b:7c", "ip_src": "%%INT_IP4%%1", "ip_dst": "%%INT_IP4%%", "port_src": 52756, "ip_proto": "tcp", "stamp_inserted": "2026-04-22 10:40:00", "stamp_updated": "2026-04-22 10:52:31", "packets": 20, "bytes": 4848}
{"event_type": "purge", "mac_src": "52:54:00:12:34:27", "ip_src": "%%INT_IP4%%", "ip_dst": "%%INT_IP4%%1", "port_src": 443, "ip_proto": "tcp", "stamp_inserted": "2026-04-22 10:40:00", "stamp_updated": "2026-04-22 10:52:31", "packets": 52, "bytes": 61603}
{"event_type": "purge", "mac_src": "52:54:00:2a:3b:7c", "ip_src": "%%INT_IP4%%1", "ip_dst": "%%INT_IP4%%", "port_src": 36614, "ip_proto": "tcp", "stamp_inserted": "2026-04-22 10:40:00", "stamp_updated": "2026-04-22 10:52:31", "packets": 6, "bytes": 1588}
{"event_type": "purge", "mac_src": "52:54:00:2a:3b:7c", "ip_src": "%%INT_IP4%%1", "ip_dst": "%%INT_IP4%%", "port_src": 43190, "ip_proto": "tcp", "stamp_inserted": "2026-04-22 10:40:00", "stamp_updated": "2026-04-22 10:52:31", "packets": 6, "bytes": 1595}
{"event_type": "purge", "mac_src": "52:54:00:2a:3b:7c", "ip_src": "%%INT_IP4%%1", "ip_dst": "%%INT_IP4%%", "port_src": 49842, "ip_proto": "tcp", "stamp_inserted": "2026-04-22 10:40:00", "stamp_updated": "2026-04-22 10:52:31", "packets": 2, "bytes": 740}
{"event_type": "purge", "mac_src": "52:54:00:2a:3b:7c", "ip_src": "%%INT_IP4%%1", "ip_dst": "%%INT_IP4%%", "port_src": 49856, "ip_proto": "tcp", "stamp_inserted": "2026-04-22 10:40:00", "stamp_updated": "2026-04-22 10:52:31", "packets": 3, "bytes": 794}
{"event_type": "purge", "mac_src": "52:54:00:2a:3b:7c", "ip_src": "%%INT_IP4%%1", "ip_dst": "%%INT_IP4%%", "port_src": 39644, "ip_proto": "tcp", "stamp_inserted": "2026-04-22 10:40:00", "stamp_updated": "2026-04-22 10:52:31", "packets": 12, "bytes": 3214}
{"event_type": "purge", "mac_src": "52:54:00:12:34:27", "ip_src": "%%INT_IP6%%", "ip_dst": "64:ff9b::5fd8:90e2", "port_src": 15967, "ip_proto": "udp", "stamp_inserted": "2026-04-22 10:40:00", "stamp_updated": "2026-04-22 10:52:31", "packets": 1, "bytes": 96}
{"event_type": "purge", "mac_src": "52:54:00:2a:3b:7c", "ip_src": "%%INT_IP4%%1", "ip_dst": "%%INT_IP4%%", "port_src": 49856, "ip_proto": "tcp", "stamp_inserted": "2026-04-22 10:40:00", "stamp_updated": "2026-04-22 10:52:41", "packets": 1, "bytes": 52}
{"event_type": "purge", "mac_src": "52:54:00:12:34:27", "ip_src": "%%INT_IP4%%", "ip_dst": "%%INT_IP4%%1", "port_src": 443, "ip_proto": "tcp", "stamp_inserted": "2026-04-22 10:40:00", "stamp_updated": "2026-04-22 10:52:41", "packets": 28, "bytes": 51604}
{"event_type": "purge", "mac_src": "52:54:00:2a:3b:7c", "ip_src": "%%INT_IP4%%1", "ip_dst": "%%INT_IP4%%", "port_src": 39644, "ip_proto": "tcp", "stamp_inserted": "2026-04-22 10:40:00", "stamp_updated": "2026-04-22 10:52:41", "packets": 1, "bytes": 52}
{"event_type": "purge", "mac_src": "52:54:00:2a:3b:7c", "ip_src": "%%INT_IP4%%1", "ip_dst": "%%INT_IP4%%", "port_src": 43190, "ip_proto": "tcp", "stamp_inserted": "2026-04-22 10:40:00", "stamp_updated": "2026-04-22 10:52:41", "packets": 1, "bytes": 52}
{"event_type": "purge", "mac_src": "52:54:00:2a:3b:7c", "ip_src": "%%INT_IP4%%1", "ip_dst": "%%INT_IP4%%", "port_src": 49842, "ip_proto": "tcp", "stamp_inserted": "2026-04-22 10:40:00", "stamp_updated": "2026-04-22 10:52:41", "packets": 1, "bytes": 52}
{"event_type": "purge", "mac_src": "52:54:00:2a:3b:7c", "ip_src": "%%INT_IP4%%1", "ip_dst": "%%INT_IP4%%", "port_src": 36614, "ip_proto": "tcp", "stamp_inserted": "2026-04-22 10:40:00", "stamp_updated": "2026-04-22 10:52:41", "packets": 1, "bytes": 52}
{"event_type": "purge", "mac_src": "52:54:00:2a:3b:7c", "ip_src": "%%INT_IP4%%1", "ip_dst": "%%INT_IP4%%", "port_src": 52756, "ip_proto": "tcp", "stamp_inserted": "2026-04-22 10:40:00", "stamp_updated": "2026-04-22 10:52:41", "packets": 19, "bytes": 4160}
{"event_type": "purge", "mac_src": "52:54:00:12:34:27", "ip_src": "%%INT_IP6%%", "ip_dst": "64:ff9b::8f6e:f174", "port_src": 40618, "ip_proto": "udp", "stamp_inserted": "2026-04-22 10:40:00", "stamp_updated": "2026-04-22 10:52:41", "packets": 1, "bytes": 96}
{"event_type": "purge", "mac_src": "52:54:00:12:34:27", "ip_src": "%%INT_IP6%%", "ip_dst": "64:ff9b::a29f:c87b", "port_src": 46021, "ip_proto": "udp", "stamp_inserted": "2026-04-22 10:40:00", "stamp_updated": "2026-04-22 10:52:41", "packets": 1, "bytes": 96}
{"event_type": "purge", "mac_src": "52:54:00:12:34:27", "ip_src": "%%INT_IP6%%", "ip_dst": "64:ff9b::a29f:c801", "port_src": 9362, "ip_proto": "udp", "stamp_inserted": "2026-04-22 10:40:00", "stamp_updated": "2026-04-22 10:52:41", "packets": 1, "bytes": 96}
{"event_type": "purge", "mac_src": "52:54:00:2a:3b:7c", "ip_src": "%%INT_IP4%%1", "ip_dst": "%%INT_IP4%%", "port_src": 49856, "ip_proto": "tcp", "stamp_inserted": "2026-04-22 10:40:00", "stamp_updated": "2026-04-22 10:52:51", "packets": 1, "bytes": 52}
{"event_type": "purge", "mac_src": "52:54:00:12:34:27", "ip_src": "%%INT_IP4%%", "ip_dst": "%%INT_IP4%%1", "port_src": 443, "ip_proto": "tcp", "stamp_inserted": "2026-04-22 10:40:00", "stamp_updated": "2026-04-22 10:52:51", "packets": 20, "bytes": 9856}
{"event_type": "purge", "mac_src": "52:54:00:2a:3b:7c", "ip_src": "%%INT_IP4%%1", "ip_dst": "%%INT_IP4%%", "port_src": 39644, "ip_proto": "tcp", "stamp_inserted": "2026-04-22 10:40:00", "stamp_updated": "2026-04-22 10:52:51", "packets": 1, "bytes": 52}
{"event_type": "purge", "mac_src": "52:54:00:2a:3b:7c", "ip_src": "%%INT_IP4%%1", "ip_dst": "%%INT_IP4%%", "port_src": 43190, "ip_proto": "tcp", "stamp_inserted": "2026-04-22 10:40:00", "stamp_updated": "2026-04-22 10:52:51", "packets": 1, "bytes": 52}
{"event_type": "purge", "mac_src": "52:54:00:2a:3b:7c", "ip_src": "%%INT_IP4%%1", "ip_dst": "%%INT_IP4%%", "port_src": 36614, "ip_proto": "tcp", "stamp_inserted": "2026-04-22 10:40:00", "stamp_updated": "2026-04-22 10:52:51", "packets": 1, "bytes": 52}
{"event_type": "purge", "mac_src": "52:54:00:2a:3b:7c", "ip_src": "%%INT_IP4%%1", "ip_dst": "%%INT_IP4%%", "port_src": 49842, "ip_proto": "tcp", "stamp_inserted": "2026-04-22 10:40:00", "stamp_updated": "2026-04-22 10:52:51", "packets": 1, "bytes": 52}
{"event_type": "purge", "mac_src": "52:54:00:2a:3b:7c", "ip_src": "%%INT_IP4%%1", "ip_dst": "%%INT_IP4%%", "port_src": 52756, "ip_proto": "tcp", "stamp_inserted": "2026-04-22 10:40:00", "stamp_updated": "2026-04-22 10:52:51", "packets": 11, "bytes": 3117}
{"event_type": "purge", "mac_src": "52:54:00:12:34:27", "ip_src": "%%INT_IP6%%", "ip_dst": "64:ff9b::5fd8:90e2", "port_src": 38590, "ip_proto": "udp", "stamp_inserted": "2026-04-22 10:40:00", "stamp_updated": "2026-04-22 10:52:51", "packets": 1, "bytes": 96}
{"event_type": "purge", "mac_src": "52:54:00:12:34:27", "ip_src": "%%INT_IP6%%", "ip_dst": "64:ff9b::8f6e:f174", "port_src": 30427, "ip_proto": "udp", "stamp_inserted": "2026-04-22 10:40:00", "stamp_updated": "2026-04-22 10:52:51", "packets": 1, "bytes": 96}
{"event_type": "purge", "mac_src": "52:54:00:12:34:27", "ip_src": "%%INT_IP6%%", "ip_dst": "64:ff9b::a29f:c87b", "port_src": 20469, "ip_proto": "udp", "stamp_inserted": "2026-04-22 10:40:00", "stamp_updated": "2026-04-22 10:52:51", "packets": 1, "bytes": 96}
{"event_type": "purge", "mac_src": "52:54:00:12:34:27", "ip_src": "%%INT_IP6%%", "ip_dst": "64:ff9b::a29f:c801", "port_src": 5138, "ip_proto": "udp", "stamp_inserted": "2026-04-22 10:40:00", "stamp_updated": "2026-04-22 10:52:51", "packets": 1, "bytes": 96}
{"event_type": "purge", "mac_src": "52:54:00:2a:3b:7c", "ip_src": "%%INT_IP4%%1", "ip_dst": "%%INT_IP4%%", "port_src": 52756, "ip_proto": "tcp", "stamp_inserted": "2026-04-22 10:40:00", "stamp_updated": "2026-04-22 10:53:01", "packets": 22, "bytes": 4952}
{"event_type": "purge", "mac_src": "52:54:00:2a:3b:7c", "ip_src": "%%INT_IP4%%1", "ip_dst": "%%INT_IP4%%", "port_src": 36614, "ip_proto": "tcp", "stamp_inserted": "2026-04-22 10:40:00", "stamp_updated": "2026-04-22 10:53:01", "packets": 6, "bytes": 1588}
{"event_type": "purge", "mac_src": "52:54:00:2a:3b:7c", "ip_src": "%%INT_IP4%%1", "ip_dst": "%%INT_IP4%%", "port_src": 43190, "ip_proto": "tcp", "stamp_inserted": "2026-04-22 10:40:00", "stamp_updated": "2026-04-22 10:53:01", "packets": 3, "bytes": 798}
{"event_type": "purge", "mac_src": "52:54:00:12:34:27", "ip_src": "%%INT_IP4%%", "ip_dst": "%%INT_IP4%%1", "port_src": 443, "ip_proto": "tcp", "stamp_inserted": "2026-04-22 10:40:00", "stamp_updated": "2026-04-22 10:53:01", "packets": 47, "bytes": 60353}
{"event_type": "purge", "mac_src": "52:54:00:2a:3b:7c", "ip_src": "%%INT_IP4%%1", "ip_dst": "%%INT_IP4%%", "port_src": 49842, "ip_proto": "tcp", "stamp_inserted": "2026-04-22 10:40:00", "stamp_updated": "2026-04-22 10:53:01", "packets": 3, "bytes": 792}
{"event_type": "purge", "mac_src": "52:54:00:2a:3b:7c", "ip_src": "%%INT_IP4%%1", "ip_dst": "%%INT_IP4%%", "port_src": 49856, "ip_proto": "tcp", "stamp_inserted": "2026-04-22 10:40:00", "stamp_updated": "2026-04-22 10:53:01", "packets": 6, "bytes": 1591}
{"event_type": "purge", "mac_src": "52:54:00:2a:3b:7c", "ip_src": "%%INT_IP4%%1", "ip_dst": "%%INT_IP4%%", "port_src": 39644, "ip_proto": "tcp", "stamp_inserted": "2026-04-22 10:40:00", "stamp_updated": "2026-04-22 10:53:01", "packets": 3, "bytes": 792}
{"event_type": "purge", "mac_src": "52:54:00:2a:3b:7c", "ip_src": "%%INT_IP4%%1", "ip_dst": "%%INT_IP4%%", "port_src": 47812, "ip_proto": "tcp", "stamp_inserted": "2026-04-22 10:40:00", "stamp_updated": "2026-04-22 10:53:01", "packets": 139, "bytes": 12232}
{"event_type": "purge", "mac_src": "52:54:00:12:34:27", "ip_src": "%%INT_IP4%%", "ip_dst": "%%INT_IP4%%1", "port_src": 22, "ip_proto": "tcp", "stamp_inserted": "2026-04-22 10:40:00", "stamp_updated": "2026-04-22 10:53:01", "packets": 276, "bytes": 19336}
{"event_type": "purge", "mac_src": "52:54:00:12:34:27", "ip_src": "%%INT_IP6%%", "ip_dst": "64:ff9b::5fd8:90e2", "port_src": 25428, "ip_proto": "udp", "stamp_inserted": "2026-04-22 10:40:00", "stamp_updated": "2026-04-22 10:53:01", "packets": 1, "bytes": 96}
{"event_type": "purge", "mac_src": "52:54:00:2a:3b:7c", "ip_src": "%%INT_IP4%%1", "ip_dst": "%%INT_IP4%%", "port_src": 47812, "ip_proto": "tcp", "stamp_inserted": "2026-04-22 10:40:00", "stamp_updated": "2026-04-22 10:53:11", "packets": 485, "bytes": 42428}
{"event_type": "purge", "mac_src": "52:54:00:12:34:27", "ip_src": "%%INT_IP4%%", "ip_dst": "%%INT_IP4%%1", "port_src": 22, "ip_proto": "tcp", "stamp_inserted": "2026-04-22 10:40:00", "stamp_updated": "2026-04-22 10:53:11", "packets": 964, "bytes": 69224}
{"event_type": "purge", "mac_src": "52:54:00:2a:3b:7c", "ip_src": "%%INT_IP4%%1", "ip_dst": "%%INT_IP4%%", "port_src": 36614, "ip_proto": "tcp", "stamp_inserted": "2026-04-22 10:40:00", "stamp_updated": "2026-04-22 10:53:11", "packets": 1, "bytes": 52}
{"event_type": "purge", "mac_src": "52:54:00:2a:3b:7c", "ip_src": "%%INT_IP4%%1", "ip_dst": "%%INT_IP4%%", "port_src": 39644, "ip_proto": "tcp", "stamp_inserted": "2026-04-22 10:40:00", "stamp_updated": "2026-04-22 10:53:11", "packets": 1, "bytes": 52}
{"event_type": "purge", "mac_src": "52:54:00:12:34:27", "ip_src": "%%INT_IP4%%", "ip_dst": "%%INT_IP4%%1", "port_src": 443, "ip_proto": "tcp", "stamp_inserted": "2026-04-22 10:40:00", "stamp_updated": "2026-04-22 10:53:11", "packets": 28, "bytes": 51636}
{"event_type": "purge", "mac_src": "52:54:00:2a:3b:7c", "ip_src": "%%INT_IP4%%1", "ip_dst": "%%INT_IP4%%", "port_src": 49842, "ip_proto": "tcp", "stamp_inserted": "2026-04-22 10:40:00", "stamp_updated": "2026-04-22 10:53:11", "packets": 1, "bytes": 52}
{"event_type": "purge", "mac_src": "52:54:00:2a:3b:7c", "ip_src": "%%INT_IP4%%1", "ip_dst": "%%INT_IP4%%", "port_src": 43190, "ip_proto": "tcp", "stamp_inserted": "2026-04-22 10:40:00", "stamp_updated": "2026-04-22 10:53:11", "packets": 1, "bytes": 52}
{"event_type": "purge", "mac_src": "52:54:00:2a:3b:7c", "ip_src": "%%INT_IP4%%1", "ip_dst": "%%INT_IP4%%", "port_src": 49856, "ip_proto": "tcp", "stamp_inserted": "2026-04-22 10:40:00", "stamp_updated": "2026-04-22 10:53:11", "packets": 1, "bytes": 52}
{"event_type": "purge", "mac_src": "52:54:00:2a:3b:7c", "ip_src": "%%INT_IP4%%1", "ip_dst": "%%INT_IP4%%", "port_src": 52756, "ip_proto": "tcp", "stamp_inserted": "2026-04-22 10:40:00", "stamp_updated": "2026-04-22 10:53:11", "packets": 19, "bytes": 4160}
{"event_type": "purge", "mac_src": "52:54:00:12:34:27", "ip_src": "%%INT_IP6%%", "ip_dst": "64:ff9b::a29f:c801", "port_src": 41052, "ip_proto": "udp", "stamp_inserted": "2026-04-22 10:40:00", "stamp_updated": "2026-04-22 10:53:11", "packets": 1, "bytes": 96}
{"event_type": "purge", "mac_src": "52:54:00:12:34:27", "ip_src": "%%INT_IP6%%", "ip_dst": "64:ff9b::8f6e:f174", "port_src": 14486, "ip_proto": "udp", "stamp_inserted": "2026-04-22 10:40:00", "stamp_updated": "2026-04-22 10:53:11", "packets": 1, "bytes": 96}
{"event_type": "purge", "mac_src": "52:54:00:12:34:27", "ip_src": "%%INT_IP6%%", "ip_dst": "64:ff9b::a29f:c87b", "port_src": 12224, "ip_proto": "udp", "stamp_inserted": "2026-04-22 10:40:00", "stamp_updated": "2026-04-22 10:53:11", "packets": 1, "bytes": 96}
{"event_type": "purge", "mac_src": "52:54:00:2a:3b:7c", "ip_src": "%%INT_IP4%%1", "ip_dst": "%%INT_IP4%%", "port_src": 47812, "ip_proto": "tcp", "stamp_inserted": "2026-04-22 10:40:00", "stamp_updated": "2026-04-22 10:53:21", "packets": 490, "bytes": 43012}
{"event_type": "purge", "mac_src": "52:54:00:12:34:27", "ip_src": "%%INT_IP4%%", "ip_dst": "%%INT_IP4%%1", "port_src": 22, "ip_proto": "tcp", "stamp_inserted": "2026-04-22 10:40:00", "stamp_updated": "2026-04-22 10:53:21", "packets": 975, "bytes": 68380}
{"event_type": "purge", "mac_src": "52:54:00:2a:3b:7c", "ip_src": "%%INT_IP4%%1", "ip_dst": "%%INT_IP4%%", "port_src": 49842, "ip_proto": "tcp", "stamp_inserted": "2026-04-22 10:40:00", "stamp_updated": "2026-04-22 10:53:21", "packets": 1, "bytes": 52}
{"event_type": "purge", "mac_src": "52:54:00:2a:3b:7c", "ip_src": "%%INT_IP4%%1", "ip_dst": "%%INT_IP4%%", "port_src": 43190, "ip_proto": "tcp", "stamp_inserted": "2026-04-22 10:40:00", "stamp_updated": "2026-04-22 10:53:21", "packets": 1, "bytes": 52}
{"event_type": "purge", "mac_src": "52:54:00:2a:3b:7c", "ip_src": "%%INT_IP4%%1", "ip_dst": "%%INT_IP4%%", "port_src": 49856, "ip_proto": "tcp", "stamp_inserted": "2026-04-22 10:40:00", "stamp_updated": "2026-04-22 10:53:21", "packets": 1, "bytes": 52}
{"event_type": "purge", "mac_src": "52:54:00:12:34:27", "ip_src": "%%INT_IP4%%", "ip_dst": "%%INT_IP4%%1", "port_src": 443, "ip_proto": "tcp", "stamp_inserted": "2026-04-22 10:40:00", "stamp_updated": "2026-04-22 10:53:21", "packets": 20, "bytes": 9865}
{"event_type": "purge", "mac_src": "52:54:00:2a:3b:7c", "ip_src": "%%INT_IP4%%1", "ip_dst": "%%INT_IP4%%", "port_src": 39644, "ip_proto": "tcp", "stamp_inserted": "2026-04-22 10:40:00", "stamp_updated": "2026-04-22 10:53:21", "packets": 1, "bytes": 52}
{"event_type": "purge", "mac_src": "52:54:00:2a:3b:7c", "ip_src": "%%INT_IP4%%1", "ip_dst": "%%INT_IP4%%", "port_src": 36614, "ip_proto": "tcp", "stamp_inserted": "2026-04-22 10:40:00", "stamp_updated": "2026-04-22 10:53:21", "packets": 1, "bytes": 52}
{"event_type": "purge", "mac_src": "52:54:00:2a:3b:7c", "ip_src": "%%INT_IP4%%1", "ip_dst": "%%INT_IP4%%", "port_src": 52756, "ip_proto": "tcp", "stamp_inserted": "2026-04-22 10:40:00", "stamp_updated": "2026-04-22 10:53:21", "packets": 11, "bytes": 3117}
{"event_type": "purge", "mac_src": "52:54:00:12:34:27", "ip_src": "%%INT_IP6%%", "ip_dst": "64:ff9b::5fd8:90e2", "port_src": 2772, "ip_proto": "udp", "stamp_inserted": "2026-04-22 10:40:00", "stamp_updated": "2026-04-22 10:53:21", "packets": 1, "bytes": 96}
{"event_type": "purge", "mac_src": "52:54:00:12:34:27", "ip_src": "%%INT_IP6%%", "ip_dst": "64:ff9b::8f6e:f174", "port_src": 2311, "ip_proto": "udp", "stamp_inserted": "2026-04-22 10:40:00", "stamp_updated": "2026-04-22 10:53:21", "packets": 1, "bytes": 96}
{"event_type": "purge", "mac_src": "52:54:00:12:34:27", "ip_src": "%%INT_IP6%%", "ip_dst": "64:ff9b::a29f:c87b", "port_src": 10834, "ip_proto": "udp", "stamp_inserted": "2026-04-22 10:40:00", "stamp_updated": "2026-04-22 10:53:21", "packets": 1, "bytes": 96}
{"event_type": "purge", "mac_src": "52:54:00:12:34:27", "ip_src": "%%INT_IP6%%", "ip_dst": "64:ff9b::a29f:c801", "port_src": 38374, "ip_proto": "udp", "stamp_inserted": "2026-04-22 10:40:00", "stamp_updated": "2026-04-22 10:53:21", "packets": 1, "bytes": 96}
{"event_type": "purge", "mac_src": "52:54:00:2a:3b:7c", "ip_src": "%%INT_IP4%%1", "ip_dst": "%%INT_IP4%%", "port_src": 47812, "ip_proto": "tcp", "stamp_inserted": "2026-04-22 10:40:00", "stamp_updated": "2026-04-22 10:53:31", "packets": 470, "bytes": 41108}
{"event_type": "purge", "mac_src": "52:54:00:12:34:27", "ip_src": "%%INT_IP4%%", "ip_dst": "%%INT_IP4%%1", "port_src": 22, "ip_proto": "tcp", "stamp_inserted": "2026-04-22 10:40:00", "stamp_updated": "2026-04-22 10:53:31", "packets": 928, "bytes": 66252}
{"event_type": "purge", "mac_src": "52:54:00:2a:3b:7c", "ip_src": "%%INT_IP4%%1", "ip_dst": "%%INT_IP4%%", "port_src": 52756, "ip_proto": "tcp", "stamp_inserted": "2026-04-22 10:40:00", "stamp_updated": "2026-04-22 10:53:31", "packets": 20, "bytes": 4848}
{"event_type": "purge", "mac_src": "52:54:00:12:34:27", "ip_src": "%%INT_IP4%%", "ip_dst": "%%INT_IP4%%1", "port_src": 443, "ip_proto": "tcp", "stamp_inserted": "2026-04-22 10:40:00", "stamp_updated": "2026-04-22 10:53:31", "packets": 45, "bytes": 60217}
{"event_type": "purge", "mac_src": "52:54:00:2a:3b:7c", "ip_src": "%%INT_IP4%%1", "ip_dst": "%%INT_IP4%%", "port_src": 36614, "ip_proto": "tcp", "stamp_inserted": "2026-04-22 10:40:00", "stamp_updated": "2026-04-22 10:53:31", "packets": 6, "bytes": 1588}
{"event_type": "purge", "mac_src": "52:54:00:2a:3b:7c", "ip_src": "%%INT_IP4%%1", "ip_dst": "%%INT_IP4%%", "port_src": 43190, "ip_proto": "tcp", "stamp_inserted": "2026-04-22 10:40:00", "stamp_updated": "2026-04-22 10:53:31", "packets": 3, "bytes": 798}
{"event_type": "purge", "mac_src": "52:54:00:2a:3b:7c", "ip_src": "%%INT_IP4%%1", "ip_dst": "%%INT_IP4%%", "port_src": 49842, "ip_proto": "tcp", "stamp_inserted": "2026-04-22 10:40:00", "stamp_updated": "2026-04-22 10:53:31", "packets": 3, "bytes": 792}
{"event_type": "purge", "mac_src": "52:54:00:2a:3b:7c", "ip_src": "%%INT_IP4%%1", "ip_dst": "%%INT_IP4%%", "port_src": 49856, "ip_proto": "tcp", "stamp_inserted": "2026-04-22 10:40:00", "stamp_updated": "2026-04-22 10:53:31", "packets": 6, "bytes": 1591}
{"event_type": "purge", "mac_src": "52:54:00:2a:3b:7c", "ip_src": "%%INT_IP4%%1", "ip_dst": "%%INT_IP4%%", "port_src": 39644, "ip_proto": "tcp", "stamp_inserted": "2026-04-22 10:40:00", "stamp_updated": "2026-04-22 10:53:31", "packets": 3, "bytes": 792}
{"event_type": "purge", "mac_src": "52:54:00:12:34:27", "ip_src": "%%INT_IP6%%", "ip_dst": "64:ff9b::5fd8:90e2", "port_src": 31140, "ip_proto": "udp", "stamp_inserted": "2026-04-22 10:40:00", "stamp_updated": "2026-04-22 10:53:31", "packets": 1, "bytes": 96}
{"event_type": "purge", "mac_src": "52:54:00:2a:3b:7c", "ip_src": "%%INT_IP4%%1", "ip_dst": "%%INT_IP4%%", "port_src": 47812, "ip_proto": "tcp", "stamp_inserted": "2026-04-22 10:40:00", "stamp_updated": "2026-04-22 10:53:41", "packets": 371, "bytes": 32432}
{"event_type": "purge", "mac_src": "52:54:00:12:34:27", "ip_src": "%%INT_IP4%%", "ip_dst": "%%INT_IP4%%1", "port_src": 22, "ip_proto": "tcp", "stamp_inserted": "2026-04-22 10:40:00", "stamp_updated": "2026-04-22 10:53:41", "packets": 738, "bytes": 53932}
{"event_type": "purge", "mac_src": "52:54:00:2a:3b:7c", "ip_src": "%%INT_IP4%%1", "ip_dst": "%%INT_IP4%%", "port_src": 43190, "ip_proto": "tcp", "stamp_inserted": "2026-04-22 10:40:00", "stamp_updated": "2026-04-22 10:53:41", "packets": 1, "bytes": 52}
{"event_type": "purge", "mac_src": "52:54:00:2a:3b:7c", "ip_src": "%%INT_IP4%%1", "ip_dst": "%%INT_IP4%%", "port_src": 49856, "ip_proto": "tcp", "stamp_inserted": "2026-04-22 10:40:00", "stamp_updated": "2026-04-22 10:53:41", "packets": 1, "bytes": 52}
{"event_type": "purge", "mac_src": "52:54:00:2a:3b:7c", "ip_src": "%%INT_IP4%%1", "ip_dst": "%%INT_IP4%%", "port_src": 49842, "ip_proto": "tcp", "stamp_inserted": "2026-04-22 10:40:00", "stamp_updated": "2026-04-22 10:53:41", "packets": 1, "bytes": 52}
{"event_type": "purge", "mac_src": "52:54:00:12:34:27", "ip_src": "%%INT_IP4%%", "ip_dst": "%%INT_IP4%%1", "port_src": 443, "ip_proto": "tcp", "stamp_inserted": "2026-04-22 10:40:00", "stamp_updated": "2026-04-22 10:53:41", "packets": 28, "bytes": 51631}
{"event_type": "purge", "mac_src": "52:54:00:2a:3b:7c", "ip_src": "%%INT_IP4%%1", "ip_dst": "%%INT_IP4%%", "port_src": 36614, "ip_proto": "tcp", "stamp_inserted": "2026-04-22 10:40:00", "stamp_updated": "2026-04-22 10:53:41", "packets": 1, "bytes": 52}
{"event_type": "purge", "mac_src": "52:54:00:2a:3b:7c", "ip_src": "%%INT_IP4%%1", "ip_dst": "%%INT_IP4%%", "port_src": 39644, "ip_proto": "tcp", "stamp_inserted": "2026-04-22 10:40:00", "stamp_updated": "2026-04-22 10:53:41", "packets": 1, "bytes": 52}
{"event_type": "purge", "mac_src": "52:54:00:2a:3b:7c", "ip_src": "%%INT_IP4%%1", "ip_dst": "%%INT_IP4%%", "port_src": 52756, "ip_proto": "tcp", "stamp_inserted": "2026-04-22 10:40:00", "stamp_updated": "2026-04-22 10:53:41", "packets": 19, "bytes": 4160}
{"event_type": "purge", "mac_src": "52:54:00:12:34:27", "ip_src": "%%INT_IP6%%", "ip_dst": "64:ff9b::8f6e:f174", "port_src": 27419, "ip_proto": "udp", "stamp_inserted": "2026-04-22 10:40:00", "stamp_updated": "2026-04-22 10:53:41", "packets": 1, "bytes": 96}
{"event_type": "purge", "mac_src": "52:54:00:12:34:27", "ip_src": "%%INT_IP6%%", "ip_dst": "64:ff9b::a29f:c87b", "port_src": 1442, "ip_proto": "udp", "stamp_inserted": "2026-04-22 10:40:00", "stamp_updated": "2026-04-22 10:53:41", "packets": 1, "bytes": 96}
{"event_type": "purge", "mac_src": "52:54:00:12:34:27", "ip_src": "%%INT_IP6%%", "ip_dst": "64:ff9b::a29f:c801", "port_src": 6467, "ip_proto": "udp", "stamp_inserted": "2026-04-22 10:40:00", "stamp_updated": "2026-04-22 10:53:41", "packets": 1, "bytes": 96}
{"event_type": "purge", "mac_src": "52:54:00:2a:3b:7c", "ip_src": "%%INT_IP4%%1", "ip_dst": "%%INT_IP4%%", "port_src": 36614, "ip_proto": "tcp", "stamp_inserted": "2026-04-22 10:40:00", "stamp_updated": "2026-04-22 10:53:51", "packets": 1, "bytes": 52}
{"event_type": "purge", "mac_src": "52:54:00:2a:3b:7c", "ip_src": "%%INT_IP4%%1", "ip_dst": "%%INT_IP4%%", "port_src": 39644, "ip_proto": "tcp", "stamp_inserted": "2026-04-22 10:40:00", "stamp_updated": "2026-04-22 10:53:51", "packets": 1, "bytes": 52}
{"event_type": "purge", "mac_src": "52:54:00:2a:3b:7c", "ip_src": "%%INT_IP4%%1", "ip_dst": "%%INT_IP4%%", "port_src": 43190, "ip_proto": "tcp", "stamp_inserted": "2026-04-22 10:40:00", "stamp_updated": "2026-04-22 10:53:51", "packets": 1, "bytes": 52}
{"event_type": "purge", "mac_src": "52:54:00:2a:3b:7c", "ip_src": "%%INT_IP4%%1", "ip_dst": "%%INT_IP4%%", "port_src": 49856, "ip_proto": "tcp", "stamp_inserted": "2026-04-22 10:40:00", "stamp_updated": "2026-04-22 10:53:51", "packets": 1, "bytes": 52}
{"event_type": "purge", "mac_src": "52:54:00:2a:3b:7c", "ip_src": "%%INT_IP4%%1", "ip_dst": "%%INT_IP4%%", "port_src": 49842, "ip_proto": "tcp", "stamp_inserted": "2026-04-22 10:40:00", "stamp_updated": "2026-04-22 10:53:51", "packets": 1, "bytes": 52}
{"event_type": "purge", "mac_src": "52:54:00:12:34:27", "ip_src": "%%INT_IP4%%", "ip_dst": "%%INT_IP4%%1", "port_src": 443, "ip_proto": "tcp", "stamp_inserted": "2026-04-22 10:40:00", "stamp_updated": "2026-04-22 10:53:51", "packets": 20, "bytes": 9867}
{"event_type": "purge", "mac_src": "52:54:00:2a:3b:7c", "ip_src": "%%INT_IP4%%1", "ip_dst": "%%INT_IP4%%", "port_src": 52756, "ip_proto": "tcp", "stamp_inserted": "2026-04-22 10:40:00", "stamp_updated": "2026-04-22 10:53:51", "packets": 11, "bytes": 3117}
{"event_type": "purge", "mac_src": "52:54:00:12:34:27", "ip_src": "%%INT_IP6%%", "ip_dst": "64:ff9b::5fd8:90e2", "port_src": 10327, "ip_proto": "udp", "stamp_inserted": "2026-04-22 10:40:00", "stamp_updated": "2026-04-22 10:53:51", "packets": 1, "bytes": 96}
{"event_type": "purge", "mac_src": "52:54:00:2a:3b:7c", "ip_src": "%%INT_IP4%%1", "ip_dst": "%%INT_IP4%%", "port_src": 47812, "ip_proto": "tcp", "stamp_inserted": "2026-04-22 10:40:00", "stamp_updated": "2026-04-22 10:53:51", "packets": 185, "bytes": 16208}
{"event_type": "purge", "mac_src": "52:54:00:12:34:27", "ip_src": "%%INT_IP4%%", "ip_dst": "%%INT_IP4%%1", "port_src": 22, "ip_proto": "tcp", "stamp_inserted": "2026-04-22 10:40:00", "stamp_updated": "2026-04-22 10:53:51", "packets": 366, "bytes": 25668}
{"event_type": "purge", "mac_src": "52:54:00:12:34:27", "ip_src": "%%INT_IP6%%", "ip_dst": "64:ff9b::a29f:c87b", "port_src": 5235, "ip_proto": "udp", "stamp_inserted": "2026-04-22 10:40:00", "stamp_updated": "2026-04-22 10:53:51", "packets": 1, "bytes": 96}
{"event_type": "purge", "mac_src": "52:54:00:12:34:27", "ip_src": "%%INT_IP6%%", "ip_dst": "64:ff9b::8f6e:f174", "port_src": 41781, "ip_proto": "udp", "stamp_inserted": "2026-04-22 10:40:00", "stamp_updated": "2026-04-22 10:53:51", "packets": 1, "bytes": 96}
{"event_type": "purge", "mac_src": "52:54:00:12:34:27", "ip_src": "%%INT_IP6%%", "ip_dst": "64:ff9b::a29f:c801", "port_src": 41157, "ip_proto": "udp", "stamp_inserted": "2026-04-22 10:40:00", "stamp_updated": "2026-04-22 10:53:51", "packets": 1, "bytes": 96}
{"event_type": "purge", "mac_src": "52:54:00:2a:3b:7c", "ip_src": "%%INT_IP4%%1", "ip_dst": "%%INT_IP4%%", "port_src": 52756, "ip_proto": "tcp", "stamp_inserted": "2026-04-22 10:40:00", "stamp_updated": "2026-04-22 10:54:01", "packets": 22, "bytes": 4952}
{"event_type": "purge", "mac_src": "52:54:00:12:34:27", "ip_src": "%%INT_IP4%%", "ip_dst": "%%INT_IP4%%1", "port_src": 443, "ip_proto": "tcp", "stamp_inserted": "2026-04-22 10:40:00", "stamp_updated": "2026-04-22 10:54:01", "packets": 46, "bytes": 60292}
{"event_type": "purge", "mac_src": "52:54:00:2a:3b:7c", "ip_src": "%%INT_IP4%%1", "ip_dst": "%%INT_IP4%%", "port_src": 36614, "ip_proto": "tcp", "stamp_inserted": "2026-04-22 10:40:00", "stamp_updated": "2026-04-22 10:54:01", "packets": 3, "bytes": 798}
{"event_type": "purge", "mac_src": "52:54:00:2a:3b:7c", "ip_src": "%%INT_IP4%%1", "ip_dst": "%%INT_IP4%%", "port_src": 43190, "ip_proto": "tcp", "stamp_inserted": "2026-04-22 10:40:00", "stamp_updated": "2026-04-22 10:54:01", "packets": 3, "bytes": 798}
{"event_type": "purge", "mac_src": "52:54:00:2a:3b:7c", "ip_src": "%%INT_IP4%%1", "ip_dst": "%%INT_IP4%%", "port_src": 49842, "ip_proto": "tcp", "stamp_inserted": "2026-04-22 10:40:00", "stamp_updated": "2026-04-22 10:54:01", "packets": 6, "bytes": 1589}
{"event_type": "purge", "mac_src": "52:54:00:2a:3b:7c", "ip_src": "%%INT_IP4%%1", "ip_dst": "%%INT_IP4%%", "port_src": 49856, "ip_proto": "tcp", "stamp_inserted": "2026-04-22 10:40:00", "stamp_updated": "2026-04-22 10:54:01", "packets": 3, "bytes": 794}
{"event_type": "purge", "mac_src": "52:54:00:2a:3b:7c", "ip_src": "%%INT_IP4%%1", "ip_dst": "%%INT_IP4%%", "port_src": 39644, "ip_proto": "tcp", "stamp_inserted": "2026-04-22 10:40:00", "stamp_updated": "2026-04-22 10:54:01", "packets": 5, "bytes": 1530}
{"event_type": "purge", "mac_src": "52:54:00:12:34:27", "ip_src": "fe80::5054:ff:fe12:3427", "ip_dst": "ff02::1", "port_src": 0, "ip_proto": "ipv6-icmp", "stamp_inserted": "2026-04-22 10:40:00", "stamp_updated": "2026-04-22 10:54:01", "packets": 1, "bytes": 168}
{"event_type": "purge", "mac_src": "52:54:00:2a:3b:7c", "ip_src": "%%INT_IP4%%1", "ip_dst": "%%INT_IP4%%", "port_src": 47812, "ip_proto": "tcp", "stamp_inserted": "2026-04-22 10:40:00", "stamp_updated": "2026-04-22 10:54:01", "packets": 182, "bytes": 15908}
{"event_type": "purge", "mac_src": "52:54:00:12:34:27", "ip_src": "%%INT_IP4%%", "ip_dst": "%%INT_IP4%%1", "port_src": 22, "ip_proto": "tcp", "stamp_inserted": "2026-04-22 10:40:00", "stamp_updated": "2026-04-22 10:54:01", "packets": 360, "bytes": 25700}
{"event_type": "purge", "mac_src": "52:54:00:12:34:27", "ip_src": "%%INT_IP6%%", "ip_dst": "64:ff9b::5fd8:90e2", "port_src": 31781, "ip_proto": "udp", "stamp_inserted": "2026-04-22 10:40:00", "stamp_updated": "2026-04-22 10:54:01", "packets": 1, "bytes": 96}
{"event_type": "purge", "mac_src": "52:54:00:2a:3b:7c", "ip_src": "%%INT_IP4%%1", "ip_dst": "%%INT_IP4%%", "port_src": 49842, "ip_proto": "tcp", "stamp_inserted": "2026-04-22 10:40:00", "stamp_updated": "2026-04-22 10:54:12", "packets": 1, "bytes": 52}
{"event_type": "purge", "mac_src": "52:54:00:2a:3b:7c", "ip_src": "%%INT_IP4%%1", "ip_dst": "%%INT_IP4%%", "port_src": 43190, "ip_proto": "tcp", "stamp_inserted": "2026-04-22 10:40:00", "stamp_updated": "2026-04-22 10:54:12", "packets": 1, "bytes": 52}
{"event_type": "purge", "mac_src": "52:54:00:2a:3b:7c", "ip_src": "%%INT_IP4%%1", "ip_dst": "%%INT_IP4%%", "port_src": 39644, "ip_proto": "tcp", "stamp_inserted": "2026-04-22 10:40:00", "stamp_updated": "2026-04-22 10:54:12", "packets": 1, "bytes": 52}
{"event_type": "purge", "mac_src": "52:54:00:2a:3b:7c", "ip_src": "%%INT_IP4%%1", "ip_dst": "%%INT_IP4%%", "port_src": 36614, "ip_proto": "tcp", "stamp_inserted": "2026-04-22 10:40:00", "stamp_updated": "2026-04-22 10:54:12", "packets": 1, "bytes": 52}
{"event_type": "purge", "mac_src": "52:54:00:2a:3b:7c", "ip_src": "%%INT_IP4%%1", "ip_dst": "%%INT_IP4%%", "port_src": 49856, "ip_proto": "tcp", "stamp_inserted": "2026-04-22 10:40:00", "stamp_updated": "2026-04-22 10:54:12", "packets": 1, "bytes": 52}
{"event_type": "purge", "mac_src": "52:54:00:12:34:27", "ip_src": "%%INT_IP4%%", "ip_dst": "%%INT_IP4%%1", "port_src": 443, "ip_proto": "tcp", "stamp_inserted": "2026-04-22 10:40:00", "stamp_updated": "2026-04-22 10:54:12", "packets": 28, "bytes": 51636}
{"event_type": "purge", "mac_src": "52:54:00:2a:3b:7c", "ip_src": "%%INT_IP4%%1", "ip_dst": "%%INT_IP4%%", "port_src": 52756, "ip_proto": "tcp", "stamp_inserted": "2026-04-22 10:40:00", "stamp_updated": "2026-04-22 10:54:12", "packets": 19, "bytes": 4160}
{"event_type": "purge", "mac_src": "52:54:00:12:34:27", "ip_src": "%%INT_IP6%%", "ip_dst": "64:ff9b::8f6e:f174", "port_src": 21690, "ip_proto": "udp", "stamp_inserted": "2026-04-22 10:40:00", "stamp_updated": "2026-04-22 10:54:12", "packets": 1, "bytes": 96}
{"event_type": "purge", "mac_src": "52:54:00:12:34:27", "ip_src": "%%INT_IP6%%", "ip_dst": "64:ff9b::a29f:c87b", "port_src": 12158, "ip_proto": "udp", "stamp_inserted": "2026-04-22 10:40:00", "stamp_updated": "2026-04-22 10:54:12", "packets": 1, "bytes": 96}
{"event_type": "purge", "mac_src": "52:54:00:12:34:27", "ip_src": "%%INT_IP6%%", "ip_dst": "64:ff9b::a29f:c801", "port_src": 25736, "ip_proto": "udp", "stamp_inserted": "2026-04-22 10:40:00", "stamp_updated": "2026-04-22 10:54:12", "packets": 1, "bytes": 96}
